C:\Users\08008043\Documents\Cantera\Turbulent-Cantera - Cc Code\src\Debug\application.obj
C:\Users\08008043\Documents\Cantera\Turbulent-Cantera - Cc Code\src\Debug\AqueousKinetics.obj
C:\Users\08008043\Documents\Cantera\Turbulent-Cantera - Cc Code\src\Debug\AqueousTransport.obj
C:\Users\08008043\Documents\Cantera\Turbulent-Cantera - Cc Code\src\Debug\BandMatrix.obj
C:\Users\08008043\Documents\Cantera\Turbulent-Cantera - Cc Code\src\Debug\BasisOptimize.obj
C:\Users\08008043\Documents\Cantera\Turbulent-Cantera - Cc Code\src\Debug\BEulerInt.obj
C:\Users\08008043\Documents\Cantera\Turbulent-Cantera - Cc Code\src\Debug\boundaries1D.obj
C:\Users\08008043\Documents\Cantera\Turbulent-Cantera - Cc Code\src\Debug\BulkKinetics.obj
C:\Users\08008043\Documents\Cantera\Turbulent-Cantera - Cc Code\src\Debug\CarbonDioxide.obj
C:\Users\08008043\Documents\Cantera\Turbulent-Cantera - Cc Code\src\Debug\checkFinite.obj
C:\Users\08008043\Documents\Cantera\Turbulent-Cantera - Cc Code\src\Debug\ChemEquil.obj
C:\Users\08008043\Documents\Cantera\Turbulent-Cantera - Cc Code\src\Debug\cl.command.1.tlog
C:\Users\08008043\Documents\Cantera\Turbulent-Cantera - Cc Code\src\Debug\CL.read.1.tlog
C:\Users\08008043\Documents\Cantera\Turbulent-Cantera - Cc Code\src\Debug\CL.write.1.tlog
C:\Users\08008043\Documents\Cantera\Turbulent-Cantera - Cc Code\src\Debug\clockWC.obj
C:\Users\08008043\Documents\Cantera\Turbulent-Cantera - Cc Code\src\Debug\ConstCpPoly.obj
C:\Users\08008043\Documents\Cantera\Turbulent-Cantera - Cc Code\src\Debug\ConstDensityThermo.obj
C:\Users\08008043\Documents\Cantera\Turbulent-Cantera - Cc Code\src\Debug\ConstPressureReactor.obj
C:\Users\08008043\Documents\Cantera\Turbulent-Cantera - Cc Code\src\Debug\csvdiff.obj
C:\Users\08008043\Documents\Cantera\Turbulent-Cantera - Cc Code\src\Debug\ct.obj
C:\Users\08008043\Documents\Cantera\Turbulent-Cantera - Cc Code\src\Debug\ct2ctml.obj
C:\Users\08008043\Documents\Cantera\Turbulent-Cantera - Cc Code\src\Debug\ctexceptions.obj
C:\Users\08008043\Documents\Cantera\Turbulent-Cantera - Cc Code\src\Debug\ctfunc.obj
C:\Users\08008043\Documents\Cantera\Turbulent-Cantera - Cc Code\src\Debug\ctml.obj
C:\Users\08008043\Documents\Cantera\Turbulent-Cantera - Cc Code\src\Debug\ctmultiphase.obj
C:\Users\08008043\Documents\Cantera\Turbulent-Cantera - Cc Code\src\Debug\ctonedim.obj
C:\Users\08008043\Documents\Cantera\Turbulent-Cantera - Cc Code\src\Debug\ctreactor.obj
C:\Users\08008043\Documents\Cantera\Turbulent-Cantera - Cc Code\src\Debug\ctrpath.obj
C:\Users\08008043\Documents\Cantera\Turbulent-Cantera - Cc Code\src\Debug\ctsurf.obj
C:\Users\08008043\Documents\Cantera\Turbulent-Cantera - Cc Code\src\Debug\ctxml.obj
C:\Users\08008043\Documents\Cantera\Turbulent-Cantera - Cc Code\src\Debug\CVodeInt.obj
C:\Users\08008043\Documents\Cantera\Turbulent-Cantera - Cc Code\src\Debug\DebyeHuckel.obj
C:\Users\08008043\Documents\Cantera\Turbulent-Cantera - Cc Code\src\Debug\DenseMatrix.obj
C:\Users\08008043\Documents\Cantera\Turbulent-Cantera - Cc Code\src\Debug\Domain1D.obj
C:\Users\08008043\Documents\Cantera\Turbulent-Cantera - Cc Code\src\Debug\DustyGasTransport.obj
C:\Users\08008043\Documents\Cantera\Turbulent-Cantera - Cc Code\src\Debug\ElectrodeKinetics.obj
C:\Users\08008043\Documents\Cantera\Turbulent-Cantera - Cc Code\src\Debug\Elements.obj
C:\Users\08008043\Documents\Cantera\Turbulent-Cantera - Cc Code\src\Debug\equilibrate.obj
C:\Users\08008043\Documents\Cantera\Turbulent-Cantera - Cc Code\src\Debug\ExtraGlobalRxn.obj
C:\Users\08008043\Documents\Cantera\Turbulent-Cantera - Cc Code\src\Debug\FalloffFactory.obj
C:\Users\08008043\Documents\Cantera\Turbulent-Cantera - Cc Code\src\Debug\FixedChemPotSSTP.obj
C:\Users\08008043\Documents\Cantera\Turbulent-Cantera - Cc Code\src\Debug\FlowDevice.obj
C:\Users\08008043\Documents\Cantera\Turbulent-Cantera - Cc Code\src\Debug\FlowReactor.obj
C:\Users\08008043\Documents\Cantera\Turbulent-Cantera - Cc Code\src\Debug\Func1.obj
C:\Users\08008043\Documents\Cantera\Turbulent-Cantera - Cc Code\src\Debug\funcs.obj
C:\Users\08008043\Documents\Cantera\Turbulent-Cantera - Cc Code\src\Debug\GasKinetics.obj
C:\Users\08008043\Documents\Cantera\Turbulent-Cantera - Cc Code\src\Debug\GasTransport.obj
C:\Users\08008043\Documents\Cantera\Turbulent-Cantera - Cc Code\src\Debug\GeneralMatrix.obj
C:\Users\08008043\Documents\Cantera\Turbulent-Cantera - Cc Code\src\Debug\GeneralSpeciesThermo.obj
C:\Users\08008043\Documents\Cantera\Turbulent-Cantera - Cc Code\src\Debug\GibbsExcessVPSSTP.obj
C:\Users\08008043\Documents\Cantera\Turbulent-Cantera - Cc Code\src\Debug\global.obj
C:\Users\08008043\Documents\Cantera\Turbulent-Cantera - Cc Code\src\Debug\Group.obj
C:\Users\08008043\Documents\Cantera\Turbulent-Cantera - Cc Code\src\Debug\Heptane.obj
C:\Users\08008043\Documents\Cantera\Turbulent-Cantera - Cc Code\src\Debug\HFC134a.obj
C:\Users\08008043\Documents\Cantera\Turbulent-Cantera - Cc Code\src\Debug\HighPressureGasTransport.obj
C:\Users\08008043\Documents\Cantera\Turbulent-Cantera - Cc Code\src\Debug\HMWSoln.obj
C:\Users\08008043\Documents\Cantera\Turbulent-Cantera - Cc Code\src\Debug\HMWSoln_input.obj
C:\Users\08008043\Documents\Cantera\Turbulent-Cantera - Cc Code\src\Debug\Hydrogen.obj
C:\Users\08008043\Documents\Cantera\Turbulent-Cantera - Cc Code\src\Debug\IdealGasConstPressureReactor.obj
C:\Users\08008043\Documents\Cantera\Turbulent-Cantera - Cc Code\src\Debug\IdealGasPhase.obj
C:\Users\08008043\Documents\Cantera\Turbulent-Cantera - Cc Code\src\Debug\IdealGasReactor.obj
C:\Users\08008043\Documents\Cantera\Turbulent-Cantera - Cc Code\src\Debug\IdealMolalSoln.obj
C:\Users\08008043\Documents\Cantera\Turbulent-Cantera - Cc Code\src\Debug\IdealSolidSolnPhase.obj
C:\Users\08008043\Documents\Cantera\Turbulent-Cantera - Cc Code\src\Debug\IdealSolnGasVPSS.obj
C:\Users\08008043\Documents\Cantera\Turbulent-Cantera - Cc Code\src\Debug\ImplicitSurfChem.obj
C:\Users\08008043\Documents\Cantera\Turbulent-Cantera - Cc Code\src\Debug\importKinetics.obj
C:\Users\08008043\Documents\Cantera\Turbulent-Cantera - Cc Code\src\Debug\InterfaceKinetics.obj
C:\Users\08008043\Documents\Cantera\Turbulent-Cantera - Cc Code\src\Debug\IonsFromNeutralVPSSTP.obj
C:\Users\08008043\Documents\Cantera\Turbulent-Cantera - Cc Code\src\Debug\Kinetics.obj
C:\Users\08008043\Documents\Cantera\Turbulent-Cantera - Cc Code\src\Debug\KineticsFactory.obj
C:\Users\08008043\Documents\Cantera\Turbulent-Cantera - Cc Code\src\Debug\LatticePhase.obj
C:\Users\08008043\Documents\Cantera\Turbulent-Cantera - Cc Code\src\Debug\LatticeSolidPhase.obj
C:\Users\08008043\Documents\Cantera\Turbulent-Cantera - Cc Code\src\Debug\LiquidTranInteraction.obj
C:\Users\08008043\Documents\Cantera\Turbulent-Cantera - Cc Code\src\Debug\LiquidTransport.obj
C:\Users\08008043\Documents\Cantera\Turbulent-Cantera - Cc Code\src\Debug\LiquidTransportData.obj
C:\Users\08008043\Documents\Cantera\Turbulent-Cantera - Cc Code\src\Debug\LiquidTransportParams.obj
C:\Users\08008043\Documents\Cantera\Turbulent-Cantera - Cc Code\src\Debug\lk.obj
C:\Users\08008043\Documents\Cantera\Turbulent-Cantera - Cc Code\src\Debug\LTPspecies.obj
C:\Users\08008043\Documents\Cantera\Turbulent-Cantera - Cc Code\src\Debug\MargulesVPSSTP.obj
C:\Users\08008043\Documents\Cantera\Turbulent-Cantera - Cc Code\src\Debug\MaskellSolidSolnPhase.obj
C:\Users\08008043\Documents\Cantera\Turbulent-Cantera - Cc Code\src\Debug\mdp_allo.obj
C:\Users\08008043\Documents\Cantera\Turbulent-Cantera - Cc Code\src\Debug\MetalSHEelectrons.obj
C:\Users\08008043\Documents\Cantera\Turbulent-Cantera - Cc Code\src\Debug\Methane.obj
C:\Users\08008043\Documents\Cantera\Turbulent-Cantera - Cc Code\src\Debug\MineralEQ3.obj
C:\Users\08008043\Documents\Cantera\Turbulent-Cantera - Cc Code\src\Debug\MixedSolventElectrolyte.obj
C:\Users\08008043\Documents\Cantera\Turbulent-Cantera - Cc Code\src\Debug\MixTransport.obj
C:\Users\08008043\Documents\Cantera\Turbulent-Cantera - Cc Code\src\Debug\MixtureFugacityTP.obj
C:\Users\08008043\Documents\Cantera\Turbulent-Cantera - Cc Code\src\Debug\MMCollisionInt.obj
C:\Users\08008043\Documents\Cantera\Turbulent-Cantera - Cc Code\src\Debug\MolalityVPSSTP.obj
C:\Users\08008043\Documents\Cantera\Turbulent-Cantera - Cc Code\src\Debug\MolarityIonicVPSSTP.obj
C:\Users\08008043\Documents\Cantera\Turbulent-Cantera - Cc Code\src\Debug\Mu0Poly.obj
C:\Users\08008043\Documents\Cantera\Turbulent-Cantera - Cc Code\src\Debug\MultiJac.obj
C:\Users\08008043\Documents\Cantera\Turbulent-Cantera - Cc Code\src\Debug\MultiNewton.obj
C:\Users\08008043\Documents\Cantera\Turbulent-Cantera - Cc Code\src\Debug\MultiPhase.obj
C:\Users\08008043\Documents\Cantera\Turbulent-Cantera - Cc Code\src\Debug\MultiPhaseEquil.obj
C:\Users\08008043\Documents\Cantera\Turbulent-Cantera - Cc Code\src\Debug\MultiTransport.obj
C:\Users\08008043\Documents\Cantera\Turbulent-Cantera - Cc Code\src\Debug\Nasa9Poly1.obj
C:\Users\08008043\Documents\Cantera\Turbulent-Cantera - Cc Code\src\Debug\Nasa9PolyMultiTempRegion.obj
C:\Users\08008043\Documents\Cantera\Turbulent-Cantera - Cc Code\src\Debug\NasaPoly2.obj
C:\Users\08008043\Documents\Cantera\Turbulent-Cantera - Cc Code\src\Debug\NasaThermo.obj
C:\Users\08008043\Documents\Cantera\Turbulent-Cantera - Cc Code\src\Debug\Nitrogen.obj
C:\Users\08008043\Documents\Cantera\Turbulent-Cantera - Cc Code\src\Debug\NonlinearSolver.obj
C:\Users\08008043\Documents\Cantera\Turbulent-Cantera - Cc Code\src\Debug\OneDim.obj
C:\Users\08008043\Documents\Cantera\Turbulent-Cantera - Cc Code\src\Debug\Oxygen.obj
C:\Users\08008043\Documents\Cantera\Turbulent-Cantera - Cc Code\src\Debug\PDSS.obj
C:\Users\08008043\Documents\Cantera\Turbulent-Cantera - Cc Code\src\Debug\PDSS_ConstVol.obj
C:\Users\08008043\Documents\Cantera\Turbulent-Cantera - Cc Code\src\Debug\PDSS_HKFT.obj
C:\Users\08008043\Documents\Cantera\Turbulent-Cantera - Cc Code\src\Debug\PDSS_IdealGas.obj
C:\Users\08008043\Documents\Cantera\Turbulent-Cantera - Cc Code\src\Debug\PDSS_IonsFromNeutral.obj
C:\Users\08008043\Documents\Cantera\Turbulent-Cantera - Cc Code\src\Debug\PDSS_SSVol.obj
C:\Users\08008043\Documents\Cantera\Turbulent-Cantera - Cc Code\src\Debug\PDSS_Water.obj
C:\Users\08008043\Documents\Cantera\Turbulent-Cantera - Cc Code\src\Debug\PecosTransport.obj
C:\Users\08008043\Documents\Cantera\Turbulent-Cantera - Cc Code\src\Debug\Phase.obj
C:\Users\08008043\Documents\Cantera\Turbulent-Cantera - Cc Code\src\Debug\PhaseCombo_Interaction.obj
C:\Users\08008043\Documents\Cantera\Turbulent-Cantera - Cc Code\src\Debug\plots.obj
C:\Users\08008043\Documents\Cantera\Turbulent-Cantera - Cc Code\src\Debug\PseudoBinaryVPSSTP.obj
C:\Users\08008043\Documents\Cantera\Turbulent-Cantera - Cc Code\src\Debug\PureFluidPhase.obj
C:\Users\08008043\Documents\Cantera\Turbulent-Cantera - Cc Code\src\Debug\Reaction.obj
C:\Users\08008043\Documents\Cantera\Turbulent-Cantera - Cc Code\src\Debug\ReactionPath.obj
C:\Users\08008043\Documents\Cantera\Turbulent-Cantera - Cc Code\src\Debug\ReactionStoichMgr.obj
C:\Users\08008043\Documents\Cantera\Turbulent-Cantera - Cc Code\src\Debug\Reactor.obj
C:\Users\08008043\Documents\Cantera\Turbulent-Cantera - Cc Code\src\Debug\ReactorBase.obj
C:\Users\08008043\Documents\Cantera\Turbulent-Cantera - Cc Code\src\Debug\ReactorFactory.obj
C:\Users\08008043\Documents\Cantera\Turbulent-Cantera - Cc Code\src\Debug\ReactorNet.obj
C:\Users\08008043\Documents\Cantera\Turbulent-Cantera - Cc Code\src\Debug\RedlichKisterVPSSTP.obj
C:\Users\08008043\Documents\Cantera\Turbulent-Cantera - Cc Code\src\Debug\RedlichKwong.obj
C:\Users\08008043\Documents\Cantera\Turbulent-Cantera - Cc Code\src\Debug\RedlichKwongMFTP.obj
C:\Users\08008043\Documents\Cantera\Turbulent-Cantera - Cc Code\src\Debug\refine.obj
C:\Users\08008043\Documents\Cantera\Turbulent-Cantera - Cc Code\src\Debug\ResidJacEval.obj
C:\Users\08008043\Documents\Cantera\Turbulent-Cantera - Cc Code\src\Debug\RootFind.obj
C:\Users\08008043\Documents\Cantera\Turbulent-Cantera - Cc Code\src\Debug\RxnMolChange.obj
C:\Users\08008043\Documents\Cantera\Turbulent-Cantera - Cc Code\src\Debug\RxnRates.obj
C:\Users\08008043\Documents\Cantera\Turbulent-Cantera - Cc Code\src\Debug\SemiconductorPhase.obj
C:\Users\08008043\Documents\Cantera\Turbulent-Cantera - Cc Code\src\Debug\Sim1D.obj
C:\Users\08008043\Documents\Cantera\Turbulent-Cantera - Cc Code\src\Debug\SimpleTransport.obj
C:\Users\08008043\Documents\Cantera\Turbulent-Cantera - Cc Code\src\Debug\SingleSpeciesTP.obj
C:\Users\08008043\Documents\Cantera\Turbulent-Cantera - Cc Code\src\Debug\SolidTransport.obj
C:\Users\08008043\Documents\Cantera\Turbulent-Cantera - Cc Code\src\Debug\SolidTransportData.obj
C:\Users\08008043\Documents\Cantera\Turbulent-Cantera - Cc Code\src\Debug\solveProb.obj
C:\Users\08008043\Documents\Cantera\Turbulent-Cantera - Cc Code\src\Debug\solveSP.obj
C:\Users\08008043\Documents\Cantera\Turbulent-Cantera - Cc Code\src\Debug\Species.obj
C:\Users\08008043\Documents\Cantera\Turbulent-Cantera - Cc Code\src\Debug\SpeciesThermo.obj
C:\Users\08008043\Documents\Cantera\Turbulent-Cantera - Cc Code\src\Debug\SpeciesThermoFactory.obj
C:\Users\08008043\Documents\Cantera\Turbulent-Cantera - Cc Code\src\Debug\SpeciesThermoInterpType.obj
C:\Users\08008043\Documents\Cantera\Turbulent-Cantera - Cc Code\src\Debug\SquareMatrix.obj
C:\Users\08008043\Documents\Cantera\Turbulent-Cantera - Cc Code\src\Debug\StatMech.obj
C:\Users\08008043\Documents\Cantera\Turbulent-Cantera - Cc Code\src\Debug\StFlow.obj
C:\Users\08008043\Documents\Cantera\Turbulent-Cantera - Cc Code\src\Debug\StoichSubstance.obj
C:\Users\08008043\Documents\Cantera\Turbulent-Cantera - Cc Code\src\Debug\StoichSubstanceSSTP.obj
C:\Users\08008043\Documents\Cantera\Turbulent-Cantera - Cc Code\src\Debug\stringUtils.obj
C:\Users\08008043\Documents\Cantera\Turbulent-Cantera - Cc Code\src\Debug\Sub.obj
C:\Users\08008043\Documents\Cantera\Turbulent-Cantera - Cc Code\src\Debug\SurfPhase.obj
C:\Users\08008043\Documents\Cantera\Turbulent-Cantera - Cc Code\src\Debug\ThermoFactory.obj
C:\Users\08008043\Documents\Cantera\Turbulent-Cantera - Cc Code\src\Debug\ThermoPhase.obj
C:\Users\08008043\Documents\Cantera\Turbulent-Cantera - Cc Code\src\Debug\tok_input_util.obj
C:\Users\08008043\Documents\Cantera\Turbulent-Cantera - Cc Code\src\Debug\TransportBase.obj
C:\Users\08008043\Documents\Cantera\Turbulent-Cantera - Cc Code\src\Debug\TransportFactory.obj
C:\Users\08008043\Documents\Cantera\Turbulent-Cantera - Cc Code\src\Debug\TransportParams.obj
C:\Users\08008043\Documents\Cantera\Turbulent-Cantera - Cc Code\src\Debug\Turbulent-Cantera.vcxprojResolveAssemblyReference.cache
C:\Users\08008043\Documents\Cantera\Turbulent-Cantera - Cc Code\src\Debug\Turbulent-Cantera.write.1.tlog
C:\Users\08008043\Documents\Cantera\Turbulent-Cantera - Cc Code\src\Debug\TurbulentKinetics.obj
C:\Users\08008043\Documents\Cantera\Turbulent-Cantera - Cc Code\src\Debug\utils.obj
C:\Users\08008043\Documents\Cantera\Turbulent-Cantera - Cc Code\src\Debug\ValueCache.obj
C:\Users\08008043\Documents\Cantera\Turbulent-Cantera - Cc Code\src\Debug\vc100.idb
C:\Users\08008043\Documents\Cantera\Turbulent-Cantera - Cc Code\src\Debug\vc100.pdb
C:\Users\08008043\Documents\Cantera\Turbulent-Cantera - Cc Code\src\Debug\vcs_elem.obj
C:\Users\08008043\Documents\Cantera\Turbulent-Cantera - Cc Code\src\Debug\vcs_elem_rearrange.obj
C:\Users\08008043\Documents\Cantera\Turbulent-Cantera - Cc Code\src\Debug\vcs_equilibrate.obj
C:\Users\08008043\Documents\Cantera\Turbulent-Cantera - Cc Code\src\Debug\vcs_Gibbs.obj
C:\Users\08008043\Documents\Cantera\Turbulent-Cantera - Cc Code\src\Debug\vcs_inest.obj
C:\Users\08008043\Documents\Cantera\Turbulent-Cantera - Cc Code\src\Debug\vcs_MultiPhaseEquil.obj
C:\Users\08008043\Documents\Cantera\Turbulent-Cantera - Cc Code\src\Debug\vcs_nondim.obj
C:\Users\08008043\Documents\Cantera\Turbulent-Cantera - Cc Code\src\Debug\vcs_phaseStability.obj
C:\Users\08008043\Documents\Cantera\Turbulent-Cantera - Cc Code\src\Debug\vcs_prep.obj
C:\Users\08008043\Documents\Cantera\Turbulent-Cantera - Cc Code\src\Debug\vcs_prob.obj
C:\Users\08008043\Documents\Cantera\Turbulent-Cantera - Cc Code\src\Debug\vcs_rank.obj
C:\Users\08008043\Documents\Cantera\Turbulent-Cantera - Cc Code\src\Debug\vcs_rearrange.obj
C:\Users\08008043\Documents\Cantera\Turbulent-Cantera - Cc Code\src\Debug\vcs_report.obj
C:\Users\08008043\Documents\Cantera\Turbulent-Cantera - Cc Code\src\Debug\vcs_root1d.obj
C:\Users\08008043\Documents\Cantera\Turbulent-Cantera - Cc Code\src\Debug\vcs_rxnadj.obj
C:\Users\08008043\Documents\Cantera\Turbulent-Cantera - Cc Code\src\Debug\vcs_setMolesLinProg.obj
C:\Users\08008043\Documents\Cantera\Turbulent-Cantera - Cc Code\src\Debug\vcs_solve.obj
C:\Users\08008043\Documents\Cantera\Turbulent-Cantera - Cc Code\src\Debug\vcs_solve_phaseStability.obj
C:\Users\08008043\Documents\Cantera\Turbulent-Cantera - Cc Code\src\Debug\vcs_solve_TP.obj
C:\Users\08008043\Documents\Cantera\Turbulent-Cantera - Cc Code\src\Debug\vcs_species_thermo.obj
C:\Users\08008043\Documents\Cantera\Turbulent-Cantera - Cc Code\src\Debug\vcs_SpeciesProperties.obj
C:\Users\08008043\Documents\Cantera\Turbulent-Cantera - Cc Code\src\Debug\vcs_TP.obj
C:\Users\08008043\Documents\Cantera\Turbulent-Cantera - Cc Code\src\Debug\vcs_util.obj
C:\Users\08008043\Documents\Cantera\Turbulent-Cantera - Cc Code\src\Debug\vcs_VolPhase.obj
C:\Users\08008043\Documents\Cantera\Turbulent-Cantera - Cc Code\src\Debug\VPSSMgr.obj
C:\Users\08008043\Documents\Cantera\Turbulent-Cantera - Cc Code\src\Debug\VPSSMgr_ConstVol.obj
C:\Users\08008043\Documents\Cantera\Turbulent-Cantera - Cc Code\src\Debug\VPSSMgr_General.obj
C:\Users\08008043\Documents\Cantera\Turbulent-Cantera - Cc Code\src\Debug\VPSSMgr_IdealGas.obj
C:\Users\08008043\Documents\Cantera\Turbulent-Cantera - Cc Code\src\Debug\VPSSMgr_Water_ConstVol.obj
C:\Users\08008043\Documents\Cantera\Turbulent-Cantera - Cc Code\src\Debug\VPSSMgr_Water_HKFT.obj
C:\Users\08008043\Documents\Cantera\Turbulent-Cantera - Cc Code\src\Debug\VPSSMgrFactory.obj
C:\Users\08008043\Documents\Cantera\Turbulent-Cantera - Cc Code\src\Debug\VPStandardStateTP.obj
C:\Users\08008043\Documents\Cantera\Turbulent-Cantera - Cc Code\src\Debug\Wall.obj
C:\Users\08008043\Documents\Cantera\Turbulent-Cantera - Cc Code\src\Debug\Water.obj
C:\Users\08008043\Documents\Cantera\Turbulent-Cantera - Cc Code\src\Debug\WaterProps.obj
C:\Users\08008043\Documents\Cantera\Turbulent-Cantera - Cc Code\src\Debug\WaterPropsIAPWS.obj
C:\Users\08008043\Documents\Cantera\Turbulent-Cantera - Cc Code\src\Debug\WaterPropsIAPWSphi.obj
C:\Users\08008043\Documents\Cantera\Turbulent-Cantera - Cc Code\src\Debug\WaterSSTP.obj
C:\Users\08008043\Documents\Cantera\Turbulent-Cantera - Cc Code\src\Debug\WaterTransport.obj
C:\Users\08008043\Documents\Cantera\Turbulent-Cantera - Cc Code\src\Debug\xml.obj
C:\USERS\08008043\DOCUMENTS\CANTERA\TURBULENT-CANTERA\SRC\DEBUG\APPLICATION.OBJ
C:\USERS\08008043\DOCUMENTS\CANTERA\TURBULENT-CANTERA\SRC\DEBUG\AQUEOUSKINETICS.OBJ
C:\USERS\08008043\DOCUMENTS\CANTERA\TURBULENT-CANTERA\SRC\DEBUG\AQUEOUSTRANSPORT.OBJ
C:\USERS\08008043\DOCUMENTS\CANTERA\TURBULENT-CANTERA\SRC\DEBUG\BANDMATRIX.OBJ
C:\USERS\08008043\DOCUMENTS\CANTERA\TURBULENT-CANTERA\SRC\DEBUG\BASISOPTIMIZE.OBJ
C:\USERS\08008043\DOCUMENTS\CANTERA\TURBULENT-CANTERA\SRC\DEBUG\BEULERINT.OBJ
C:\USERS\08008043\DOCUMENTS\CANTERA\TURBULENT-CANTERA\SRC\DEBUG\BOUNDARIES1D.OBJ
C:\USERS\08008043\DOCUMENTS\CANTERA\TURBULENT-CANTERA\SRC\DEBUG\BULKKINETICS.OBJ
C:\USERS\08008043\DOCUMENTS\CANTERA\TURBULENT-CANTERA\SRC\DEBUG\CARBONDIOXIDE.OBJ
C:\USERS\08008043\DOCUMENTS\CANTERA\TURBULENT-CANTERA\SRC\DEBUG\CHECKFINITE.OBJ
C:\USERS\08008043\DOCUMENTS\CANTERA\TURBULENT-CANTERA\SRC\DEBUG\CHEMEQUIL.OBJ
C:\USERS\08008043\DOCUMENTS\CANTERA\TURBULENT-CANTERA\SRC\DEBUG\CLOCKWC.OBJ
C:\USERS\08008043\DOCUMENTS\CANTERA\TURBULENT-CANTERA\SRC\DEBUG\CONSTCPPOLY.OBJ
C:\USERS\08008043\DOCUMENTS\CANTERA\TURBULENT-CANTERA\SRC\DEBUG\CONSTDENSITYTHERMO.OBJ
C:\USERS\08008043\DOCUMENTS\CANTERA\TURBULENT-CANTERA\SRC\DEBUG\CONSTPRESSUREREACTOR.OBJ
C:\USERS\08008043\DOCUMENTS\CANTERA\TURBULENT-CANTERA\SRC\DEBUG\CSVDIFF.OBJ
C:\USERS\08008043\DOCUMENTS\CANTERA\TURBULENT-CANTERA\SRC\DEBUG\CT.OBJ
C:\USERS\08008043\DOCUMENTS\CANTERA\TURBULENT-CANTERA\SRC\DEBUG\CT2CTML.OBJ
C:\USERS\08008043\DOCUMENTS\CANTERA\TURBULENT-CANTERA\SRC\DEBUG\CTEXCEPTIONS.OBJ
C:\USERS\08008043\DOCUMENTS\CANTERA\TURBULENT-CANTERA\SRC\DEBUG\CTFUNC.OBJ
C:\USERS\08008043\DOCUMENTS\CANTERA\TURBULENT-CANTERA\SRC\DEBUG\CTML.OBJ
C:\USERS\08008043\DOCUMENTS\CANTERA\TURBULENT-CANTERA\SRC\DEBUG\CTMULTIPHASE.OBJ
C:\USERS\08008043\DOCUMENTS\CANTERA\TURBULENT-CANTERA\SRC\DEBUG\CTONEDIM.OBJ
C:\USERS\08008043\DOCUMENTS\CANTERA\TURBULENT-CANTERA\SRC\DEBUG\CTREACTOR.OBJ
C:\USERS\08008043\DOCUMENTS\CANTERA\TURBULENT-CANTERA\SRC\DEBUG\CTRPATH.OBJ
C:\USERS\08008043\DOCUMENTS\CANTERA\TURBULENT-CANTERA\SRC\DEBUG\CTSURF.OBJ
C:\USERS\08008043\DOCUMENTS\CANTERA\TURBULENT-CANTERA\SRC\DEBUG\CTXML.OBJ
C:\USERS\08008043\DOCUMENTS\CANTERA\TURBULENT-CANTERA\SRC\DEBUG\CVODEINT.OBJ
C:\USERS\08008043\DOCUMENTS\CANTERA\TURBULENT-CANTERA\SRC\DEBUG\DEBYEHUCKEL.OBJ
C:\USERS\08008043\DOCUMENTS\CANTERA\TURBULENT-CANTERA\SRC\DEBUG\DENSEMATRIX.OBJ
C:\USERS\08008043\DOCUMENTS\CANTERA\TURBULENT-CANTERA\SRC\DEBUG\DOMAIN1D.OBJ
C:\USERS\08008043\DOCUMENTS\CANTERA\TURBULENT-CANTERA\SRC\DEBUG\DUSTYGASTRANSPORT.OBJ
C:\USERS\08008043\DOCUMENTS\CANTERA\TURBULENT-CANTERA\SRC\DEBUG\ELECTRODEKINETICS.OBJ
C:\USERS\08008043\DOCUMENTS\CANTERA\TURBULENT-CANTERA\SRC\DEBUG\ELEMENTS.OBJ
C:\USERS\08008043\DOCUMENTS\CANTERA\TURBULENT-CANTERA\SRC\DEBUG\EQUILIBRATE.OBJ
C:\USERS\08008043\DOCUMENTS\CANTERA\TURBULENT-CANTERA\SRC\DEBUG\EXTRAGLOBALRXN.OBJ
C:\USERS\08008043\DOCUMENTS\CANTERA\TURBULENT-CANTERA\SRC\DEBUG\FALLOFFFACTORY.OBJ
C:\USERS\08008043\DOCUMENTS\CANTERA\TURBULENT-CANTERA\SRC\DEBUG\FIXEDCHEMPOTSSTP.OBJ
C:\USERS\08008043\DOCUMENTS\CANTERA\TURBULENT-CANTERA\SRC\DEBUG\FLOWDEVICE.OBJ
C:\USERS\08008043\DOCUMENTS\CANTERA\TURBULENT-CANTERA\SRC\DEBUG\FLOWREACTOR.OBJ
C:\USERS\08008043\DOCUMENTS\CANTERA\TURBULENT-CANTERA\SRC\DEBUG\FUNC1.OBJ
C:\USERS\08008043\DOCUMENTS\CANTERA\TURBULENT-CANTERA\SRC\DEBUG\FUNCS.OBJ
C:\USERS\08008043\DOCUMENTS\CANTERA\TURBULENT-CANTERA\SRC\DEBUG\GASKINETICS.OBJ
C:\USERS\08008043\DOCUMENTS\CANTERA\TURBULENT-CANTERA\SRC\DEBUG\GASTRANSPORT.OBJ
C:\USERS\08008043\DOCUMENTS\CANTERA\TURBULENT-CANTERA\SRC\DEBUG\GENERALMATRIX.OBJ
C:\USERS\08008043\DOCUMENTS\CANTERA\TURBULENT-CANTERA\SRC\DEBUG\GENERALSPECIESTHERMO.OBJ
C:\USERS\08008043\DOCUMENTS\CANTERA\TURBULENT-CANTERA\SRC\DEBUG\GIBBSEXCESSVPSSTP.OBJ
C:\USERS\08008043\DOCUMENTS\CANTERA\TURBULENT-CANTERA\SRC\DEBUG\GLOBAL.OBJ
C:\USERS\08008043\DOCUMENTS\CANTERA\TURBULENT-CANTERA\SRC\DEBUG\GROUP.OBJ
C:\USERS\08008043\DOCUMENTS\CANTERA\TURBULENT-CANTERA\SRC\DEBUG\HEPTANE.OBJ
C:\USERS\08008043\DOCUMENTS\CANTERA\TURBULENT-CANTERA\SRC\DEBUG\HFC134A.OBJ
C:\USERS\08008043\DOCUMENTS\CANTERA\TURBULENT-CANTERA\SRC\DEBUG\HIGHPRESSUREGASTRANSPORT.OBJ
C:\USERS\08008043\DOCUMENTS\CANTERA\TURBULENT-CANTERA\SRC\DEBUG\HMWSOLN.OBJ
C:\USERS\08008043\DOCUMENTS\CANTERA\TURBULENT-CANTERA\SRC\DEBUG\HMWSOLN_INPUT.OBJ
C:\USERS\08008043\DOCUMENTS\CANTERA\TURBULENT-CANTERA\SRC\DEBUG\HYDROGEN.OBJ
C:\USERS\08008043\DOCUMENTS\CANTERA\TURBULENT-CANTERA\SRC\DEBUG\IDEALGASCONSTPRESSUREREACTOR.OBJ
C:\USERS\08008043\DOCUMENTS\CANTERA\TURBULENT-CANTERA\SRC\DEBUG\IDEALGASPHASE.OBJ
C:\USERS\08008043\DOCUMENTS\CANTERA\TURBULENT-CANTERA\SRC\DEBUG\IDEALGASREACTOR.OBJ
C:\USERS\08008043\DOCUMENTS\CANTERA\TURBULENT-CANTERA\SRC\DEBUG\IDEALMOLALSOLN.OBJ
C:\USERS\08008043\DOCUMENTS\CANTERA\TURBULENT-CANTERA\SRC\DEBUG\IDEALSOLIDSOLNPHASE.OBJ
C:\USERS\08008043\DOCUMENTS\CANTERA\TURBULENT-CANTERA\SRC\DEBUG\IDEALSOLNGASVPSS.OBJ
C:\USERS\08008043\DOCUMENTS\CANTERA\TURBULENT-CANTERA\SRC\DEBUG\IMPLICITSURFCHEM.OBJ
C:\USERS\08008043\DOCUMENTS\CANTERA\TURBULENT-CANTERA\SRC\DEBUG\IMPORTKINETICS.OBJ
C:\USERS\08008043\DOCUMENTS\CANTERA\TURBULENT-CANTERA\SRC\DEBUG\INTERFACEKINETICS.OBJ
C:\USERS\08008043\DOCUMENTS\CANTERA\TURBULENT-CANTERA\SRC\DEBUG\IONSFROMNEUTRALVPSSTP.OBJ
C:\USERS\08008043\DOCUMENTS\CANTERA\TURBULENT-CANTERA\SRC\DEBUG\KINETICS.OBJ
C:\USERS\08008043\DOCUMENTS\CANTERA\TURBULENT-CANTERA\SRC\DEBUG\KINETICSFACTORY.OBJ
C:\USERS\08008043\DOCUMENTS\CANTERA\TURBULENT-CANTERA\SRC\DEBUG\LATTICEPHASE.OBJ
C:\USERS\08008043\DOCUMENTS\CANTERA\TURBULENT-CANTERA\SRC\DEBUG\LATTICESOLIDPHASE.OBJ
C:\USERS\08008043\DOCUMENTS\CANTERA\TURBULENT-CANTERA\SRC\DEBUG\LIQUIDTRANINTERACTION.OBJ
C:\USERS\08008043\DOCUMENTS\CANTERA\TURBULENT-CANTERA\SRC\DEBUG\LIQUIDTRANSPORT.OBJ
C:\USERS\08008043\DOCUMENTS\CANTERA\TURBULENT-CANTERA\SRC\DEBUG\LIQUIDTRANSPORTDATA.OBJ
C:\USERS\08008043\DOCUMENTS\CANTERA\TURBULENT-CANTERA\SRC\DEBUG\LIQUIDTRANSPORTPARAMS.OBJ
C:\USERS\08008043\DOCUMENTS\CANTERA\TURBULENT-CANTERA\SRC\DEBUG\LK.OBJ
C:\USERS\08008043\DOCUMENTS\CANTERA\TURBULENT-CANTERA\SRC\DEBUG\LTPSPECIES.OBJ
C:\USERS\08008043\DOCUMENTS\CANTERA\TURBULENT-CANTERA\SRC\DEBUG\MARGULESVPSSTP.OBJ
C:\USERS\08008043\DOCUMENTS\CANTERA\TURBULENT-CANTERA\SRC\DEBUG\MASKELLSOLIDSOLNPHASE.OBJ
C:\USERS\08008043\DOCUMENTS\CANTERA\TURBULENT-CANTERA\SRC\DEBUG\MDP_ALLO.OBJ
C:\USERS\08008043\DOCUMENTS\CANTERA\TURBULENT-CANTERA\SRC\DEBUG\METALSHEELECTRONS.OBJ
C:\USERS\08008043\DOCUMENTS\CANTERA\TURBULENT-CANTERA\SRC\DEBUG\METHANE.OBJ
C:\USERS\08008043\DOCUMENTS\CANTERA\TURBULENT-CANTERA\SRC\DEBUG\MINERALEQ3.OBJ
C:\USERS\08008043\DOCUMENTS\CANTERA\TURBULENT-CANTERA\SRC\DEBUG\MIXEDSOLVENTELECTROLYTE.OBJ
C:\USERS\08008043\DOCUMENTS\CANTERA\TURBULENT-CANTERA\SRC\DEBUG\MIXTRANSPORT.OBJ
C:\USERS\08008043\DOCUMENTS\CANTERA\TURBULENT-CANTERA\SRC\DEBUG\MIXTUREFUGACITYTP.OBJ
C:\USERS\08008043\DOCUMENTS\CANTERA\TURBULENT-CANTERA\SRC\DEBUG\MMCOLLISIONINT.OBJ
C:\USERS\08008043\DOCUMENTS\CANTERA\TURBULENT-CANTERA\SRC\DEBUG\MOLALITYVPSSTP.OBJ
C:\USERS\08008043\DOCUMENTS\CANTERA\TURBULENT-CANTERA\SRC\DEBUG\MOLARITYIONICVPSSTP.OBJ
C:\USERS\08008043\DOCUMENTS\CANTERA\TURBULENT-CANTERA\SRC\DEBUG\MU0POLY.OBJ
C:\USERS\08008043\DOCUMENTS\CANTERA\TURBULENT-CANTERA\SRC\DEBUG\MULTIJAC.OBJ
C:\USERS\08008043\DOCUMENTS\CANTERA\TURBULENT-CANTERA\SRC\DEBUG\MULTINEWTON.OBJ
C:\USERS\08008043\DOCUMENTS\CANTERA\TURBULENT-CANTERA\SRC\DEBUG\MULTIPHASE.OBJ
C:\USERS\08008043\DOCUMENTS\CANTERA\TURBULENT-CANTERA\SRC\DEBUG\MULTIPHASEEQUIL.OBJ
C:\USERS\08008043\DOCUMENTS\CANTERA\TURBULENT-CANTERA\SRC\DEBUG\MULTITRANSPORT.OBJ
C:\USERS\08008043\DOCUMENTS\CANTERA\TURBULENT-CANTERA\SRC\DEBUG\NASA9POLY1.OBJ
C:\USERS\08008043\DOCUMENTS\CANTERA\TURBULENT-CANTERA\SRC\DEBUG\NASA9POLYMULTITEMPREGION.OBJ
C:\USERS\08008043\DOCUMENTS\CANTERA\TURBULENT-CANTERA\SRC\DEBUG\NASAPOLY2.OBJ
C:\USERS\08008043\DOCUMENTS\CANTERA\TURBULENT-CANTERA\SRC\DEBUG\NASATHERMO.OBJ
C:\USERS\08008043\DOCUMENTS\CANTERA\TURBULENT-CANTERA\SRC\DEBUG\NITROGEN.OBJ
C:\USERS\08008043\DOCUMENTS\CANTERA\TURBULENT-CANTERA\SRC\DEBUG\NONLINEARSOLVER.OBJ
C:\USERS\08008043\DOCUMENTS\CANTERA\TURBULENT-CANTERA\SRC\DEBUG\ONEDIM.OBJ
C:\USERS\08008043\DOCUMENTS\CANTERA\TURBULENT-CANTERA\SRC\DEBUG\OXYGEN.OBJ
C:\USERS\08008043\DOCUMENTS\CANTERA\TURBULENT-CANTERA\SRC\DEBUG\PDSS.OBJ
C:\USERS\08008043\DOCUMENTS\CANTERA\TURBULENT-CANTERA\SRC\DEBUG\PDSS_CONSTVOL.OBJ
C:\USERS\08008043\DOCUMENTS\CANTERA\TURBULENT-CANTERA\SRC\DEBUG\PDSS_HKFT.OBJ
C:\USERS\08008043\DOCUMENTS\CANTERA\TURBULENT-CANTERA\SRC\DEBUG\PDSS_IDEALGAS.OBJ
C:\USERS\08008043\DOCUMENTS\CANTERA\TURBULENT-CANTERA\SRC\DEBUG\PDSS_IONSFROMNEUTRAL.OBJ
C:\USERS\08008043\DOCUMENTS\CANTERA\TURBULENT-CANTERA\SRC\DEBUG\PDSS_SSVOL.OBJ
C:\USERS\08008043\DOCUMENTS\CANTERA\TURBULENT-CANTERA\SRC\DEBUG\PDSS_WATER.OBJ
C:\USERS\08008043\DOCUMENTS\CANTERA\TURBULENT-CANTERA\SRC\DEBUG\PECOSTRANSPORT.OBJ
C:\USERS\08008043\DOCUMENTS\CANTERA\TURBULENT-CANTERA\SRC\DEBUG\PHASE.OBJ
C:\USERS\08008043\DOCUMENTS\CANTERA\TURBULENT-CANTERA\SRC\DEBUG\PHASECOMBO_INTERACTION.OBJ
C:\USERS\08008043\DOCUMENTS\CANTERA\TURBULENT-CANTERA\SRC\DEBUG\PLOTS.OBJ
C:\USERS\08008043\DOCUMENTS\CANTERA\TURBULENT-CANTERA\SRC\DEBUG\PSEUDOBINARYVPSSTP.OBJ
C:\USERS\08008043\DOCUMENTS\CANTERA\TURBULENT-CANTERA\SRC\DEBUG\PUREFLUIDPHASE.OBJ
C:\USERS\08008043\DOCUMENTS\CANTERA\TURBULENT-CANTERA\SRC\DEBUG\REACTION.OBJ
C:\USERS\08008043\DOCUMENTS\CANTERA\TURBULENT-CANTERA\SRC\DEBUG\REACTIONPATH.OBJ
C:\USERS\08008043\DOCUMENTS\CANTERA\TURBULENT-CANTERA\SRC\DEBUG\REACTIONSTOICHMGR.OBJ
C:\USERS\08008043\DOCUMENTS\CANTERA\TURBULENT-CANTERA\SRC\DEBUG\REACTOR.OBJ
C:\USERS\08008043\DOCUMENTS\CANTERA\TURBULENT-CANTERA\SRC\DEBUG\REACTORBASE.OBJ
C:\USERS\08008043\DOCUMENTS\CANTERA\TURBULENT-CANTERA\SRC\DEBUG\REACTORFACTORY.OBJ
C:\USERS\08008043\DOCUMENTS\CANTERA\TURBULENT-CANTERA\SRC\DEBUG\REACTORNET.OBJ
C:\USERS\08008043\DOCUMENTS\CANTERA\TURBULENT-CANTERA\SRC\DEBUG\REDLICHKISTERVPSSTP.OBJ
C:\USERS\08008043\DOCUMENTS\CANTERA\TURBULENT-CANTERA\SRC\DEBUG\REDLICHKWONG.OBJ
C:\USERS\08008043\DOCUMENTS\CANTERA\TURBULENT-CANTERA\SRC\DEBUG\REDLICHKWONGMFTP.OBJ
C:\USERS\08008043\DOCUMENTS\CANTERA\TURBULENT-CANTERA\SRC\DEBUG\REFINE.OBJ
C:\USERS\08008043\DOCUMENTS\CANTERA\TURBULENT-CANTERA\SRC\DEBUG\RESIDJACEVAL.OBJ
C:\USERS\08008043\DOCUMENTS\CANTERA\TURBULENT-CANTERA\SRC\DEBUG\ROOTFIND.OBJ
C:\USERS\08008043\DOCUMENTS\CANTERA\TURBULENT-CANTERA\SRC\DEBUG\RXNMOLCHANGE.OBJ
C:\USERS\08008043\DOCUMENTS\CANTERA\TURBULENT-CANTERA\SRC\DEBUG\RXNRATES.OBJ
C:\USERS\08008043\DOCUMENTS\CANTERA\TURBULENT-CANTERA\SRC\DEBUG\SEMICONDUCTORPHASE.OBJ
C:\USERS\08008043\DOCUMENTS\CANTERA\TURBULENT-CANTERA\SRC\DEBUG\SIM1D.OBJ
C:\USERS\08008043\DOCUMENTS\CANTERA\TURBULENT-CANTERA\SRC\DEBUG\SIMPLETRANSPORT.OBJ
C:\USERS\08008043\DOCUMENTS\CANTERA\TURBULENT-CANTERA\SRC\DEBUG\SINGLESPECIESTP.OBJ
C:\USERS\08008043\DOCUMENTS\CANTERA\TURBULENT-CANTERA\SRC\DEBUG\SOLIDTRANSPORT.OBJ
C:\USERS\08008043\DOCUMENTS\CANTERA\TURBULENT-CANTERA\SRC\DEBUG\SOLIDTRANSPORTDATA.OBJ
C:\USERS\08008043\DOCUMENTS\CANTERA\TURBULENT-CANTERA\SRC\DEBUG\SOLVEPROB.OBJ
C:\USERS\08008043\DOCUMENTS\CANTERA\TURBULENT-CANTERA\SRC\DEBUG\SOLVESP.OBJ
C:\USERS\08008043\DOCUMENTS\CANTERA\TURBULENT-CANTERA\SRC\DEBUG\SPECIES.OBJ
C:\USERS\08008043\DOCUMENTS\CANTERA\TURBULENT-CANTERA\SRC\DEBUG\SPECIESTHERMO.OBJ
C:\USERS\08008043\DOCUMENTS\CANTERA\TURBULENT-CANTERA\SRC\DEBUG\SPECIESTHERMOFACTORY.OBJ
C:\USERS\08008043\DOCUMENTS\CANTERA\TURBULENT-CANTERA\SRC\DEBUG\SPECIESTHERMOINTERPTYPE.OBJ
C:\USERS\08008043\DOCUMENTS\CANTERA\TURBULENT-CANTERA\SRC\DEBUG\SQUAREMATRIX.OBJ
C:\USERS\08008043\DOCUMENTS\CANTERA\TURBULENT-CANTERA\SRC\DEBUG\STATMECH.OBJ
C:\USERS\08008043\DOCUMENTS\CANTERA\TURBULENT-CANTERA\SRC\DEBUG\STFLOW.OBJ
C:\USERS\08008043\DOCUMENTS\CANTERA\TURBULENT-CANTERA\SRC\DEBUG\STOICHSUBSTANCE.OBJ
C:\USERS\08008043\DOCUMENTS\CANTERA\TURBULENT-CANTERA\SRC\DEBUG\STOICHSUBSTANCESSTP.OBJ
C:\USERS\08008043\DOCUMENTS\CANTERA\TURBULENT-CANTERA\SRC\DEBUG\STRINGUTILS.OBJ
C:\USERS\08008043\DOCUMENTS\CANTERA\TURBULENT-CANTERA\SRC\DEBUG\SUB.OBJ
C:\USERS\08008043\DOCUMENTS\CANTERA\TURBULENT-CANTERA\SRC\DEBUG\SURFPHASE.OBJ
C:\USERS\08008043\DOCUMENTS\CANTERA\TURBULENT-CANTERA\SRC\DEBUG\THERMOFACTORY.OBJ
C:\USERS\08008043\DOCUMENTS\CANTERA\TURBULENT-CANTERA\SRC\DEBUG\THERMOPHASE.OBJ
C:\USERS\08008043\DOCUMENTS\CANTERA\TURBULENT-CANTERA\SRC\DEBUG\TOK_INPUT_UTIL.OBJ
C:\USERS\08008043\DOCUMENTS\CANTERA\TURBULENT-CANTERA\SRC\DEBUG\TRANSPORTBASE.OBJ
C:\USERS\08008043\DOCUMENTS\CANTERA\TURBULENT-CANTERA\SRC\DEBUG\TRANSPORTFACTORY.OBJ
C:\USERS\08008043\DOCUMENTS\CANTERA\TURBULENT-CANTERA\SRC\DEBUG\TRANSPORTPARAMS.OBJ
C:\USERS\08008043\DOCUMENTS\CANTERA\TURBULENT-CANTERA\SRC\DEBUG\TURBULENTKINETICS.OBJ
C:\USERS\08008043\DOCUMENTS\CANTERA\TURBULENT-CANTERA\SRC\DEBUG\UTILS.OBJ
C:\USERS\08008043\DOCUMENTS\CANTERA\TURBULENT-CANTERA\SRC\DEBUG\VALUECACHE.OBJ
C:\USERS\08008043\DOCUMENTS\CANTERA\TURBULENT-CANTERA\SRC\DEBUG\VC100.PDB
C:\USERS\08008043\DOCUMENTS\CANTERA\TURBULENT-CANTERA\SRC\DEBUG\VCS_ELEM.OBJ
C:\USERS\08008043\DOCUMENTS\CANTERA\TURBULENT-CANTERA\SRC\DEBUG\VCS_ELEM_REARRANGE.OBJ
C:\USERS\08008043\DOCUMENTS\CANTERA\TURBULENT-CANTERA\SRC\DEBUG\VCS_EQUILIBRATE.OBJ
C:\USERS\08008043\DOCUMENTS\CANTERA\TURBULENT-CANTERA\SRC\DEBUG\VCS_GIBBS.OBJ
C:\USERS\08008043\DOCUMENTS\CANTERA\TURBULENT-CANTERA\SRC\DEBUG\VCS_INEST.OBJ
C:\USERS\08008043\DOCUMENTS\CANTERA\TURBULENT-CANTERA\SRC\DEBUG\VCS_MULTIPHASEEQUIL.OBJ
C:\USERS\08008043\DOCUMENTS\CANTERA\TURBULENT-CANTERA\SRC\DEBUG\VCS_NONDIM.OBJ
C:\USERS\08008043\DOCUMENTS\CANTERA\TURBULENT-CANTERA\SRC\DEBUG\VCS_PHASESTABILITY.OBJ
C:\USERS\08008043\DOCUMENTS\CANTERA\TURBULENT-CANTERA\SRC\DEBUG\VCS_PREP.OBJ
C:\USERS\08008043\DOCUMENTS\CANTERA\TURBULENT-CANTERA\SRC\DEBUG\VCS_PROB.OBJ
C:\USERS\08008043\DOCUMENTS\CANTERA\TURBULENT-CANTERA\SRC\DEBUG\VCS_RANK.OBJ
C:\USERS\08008043\DOCUMENTS\CANTERA\TURBULENT-CANTERA\SRC\DEBUG\VCS_REARRANGE.OBJ
C:\USERS\08008043\DOCUMENTS\CANTERA\TURBULENT-CANTERA\SRC\DEBUG\VCS_REPORT.OBJ
C:\USERS\08008043\DOCUMENTS\CANTERA\TURBULENT-CANTERA\SRC\DEBUG\VCS_ROOT1D.OBJ
C:\USERS\08008043\DOCUMENTS\CANTERA\TURBULENT-CANTERA\SRC\DEBUG\VCS_RXNADJ.OBJ
C:\USERS\08008043\DOCUMENTS\CANTERA\TURBULENT-CANTERA\SRC\DEBUG\VCS_SETMOLESLINPROG.OBJ
C:\USERS\08008043\DOCUMENTS\CANTERA\TURBULENT-CANTERA\SRC\DEBUG\VCS_SOLVE.OBJ
C:\USERS\08008043\DOCUMENTS\CANTERA\TURBULENT-CANTERA\SRC\DEBUG\VCS_SOLVE_PHASESTABILITY.OBJ
C:\USERS\08008043\DOCUMENTS\CANTERA\TURBULENT-CANTERA\SRC\DEBUG\VCS_SOLVE_TP.OBJ
C:\USERS\08008043\DOCUMENTS\CANTERA\TURBULENT-CANTERA\SRC\DEBUG\VCS_SPECIES_THERMO.OBJ
C:\USERS\08008043\DOCUMENTS\CANTERA\TURBULENT-CANTERA\SRC\DEBUG\VCS_SPECIESPROPERTIES.OBJ
C:\USERS\08008043\DOCUMENTS\CANTERA\TURBULENT-CANTERA\SRC\DEBUG\VCS_TP.OBJ
C:\USERS\08008043\DOCUMENTS\CANTERA\TURBULENT-CANTERA\SRC\DEBUG\VCS_UTIL.OBJ
C:\USERS\08008043\DOCUMENTS\CANTERA\TURBULENT-CANTERA\SRC\DEBUG\VCS_VOLPHASE.OBJ
C:\USERS\08008043\DOCUMENTS\CANTERA\TURBULENT-CANTERA\SRC\DEBUG\VPSSMGR.OBJ
C:\USERS\08008043\DOCUMENTS\CANTERA\TURBULENT-CANTERA\SRC\DEBUG\VPSSMGR_CONSTVOL.OBJ
C:\USERS\08008043\DOCUMENTS\CANTERA\TURBULENT-CANTERA\SRC\DEBUG\VPSSMGR_GENERAL.OBJ
C:\USERS\08008043\DOCUMENTS\CANTERA\TURBULENT-CANTERA\SRC\DEBUG\VPSSMGR_IDEALGAS.OBJ
C:\USERS\08008043\DOCUMENTS\CANTERA\TURBULENT-CANTERA\SRC\DEBUG\VPSSMGR_WATER_CONSTVOL.OBJ
C:\USERS\08008043\DOCUMENTS\CANTERA\TURBULENT-CANTERA\SRC\DEBUG\VPSSMGR_WATER_HKFT.OBJ
C:\USERS\08008043\DOCUMENTS\CANTERA\TURBULENT-CANTERA\SRC\DEBUG\VPSSMGRFACTORY.OBJ
C:\USERS\08008043\DOCUMENTS\CANTERA\TURBULENT-CANTERA\SRC\DEBUG\VPSTANDARDSTATETP.OBJ
C:\USERS\08008043\DOCUMENTS\CANTERA\TURBULENT-CANTERA\SRC\DEBUG\WALL.OBJ
C:\USERS\08008043\DOCUMENTS\CANTERA\TURBULENT-CANTERA\SRC\DEBUG\WATER.OBJ
C:\USERS\08008043\DOCUMENTS\CANTERA\TURBULENT-CANTERA\SRC\DEBUG\WATERPROPS.OBJ
C:\USERS\08008043\DOCUMENTS\CANTERA\TURBULENT-CANTERA\SRC\DEBUG\WATERPROPSIAPWS.OBJ
C:\USERS\08008043\DOCUMENTS\CANTERA\TURBULENT-CANTERA\SRC\DEBUG\WATERPROPSIAPWSPHI.OBJ
C:\USERS\08008043\DOCUMENTS\CANTERA\TURBULENT-CANTERA\SRC\DEBUG\WATERSSTP.OBJ
C:\USERS\08008043\DOCUMENTS\CANTERA\TURBULENT-CANTERA\SRC\DEBUG\WATERTRANSPORT.OBJ
C:\USERS\08008043\DOCUMENTS\CANTERA\TURBULENT-CANTERA\SRC\DEBUG\XML.OBJ
